info it worked if it ends with ok
verbose cli [ 'node', '/usr/bin/npm', 'install', '-g', 'n' ]
info using npm@1.1.4
info using node@v0.6.12
verbose config file /home/saturn/.npmrc
verbose config file /usr/etc/npmrc
verbose config file /usr/share/npm/npmrc
verbose cache add [ 'n', null ]
silly cache add: name, spec, args [ undefined, 'n', [ 'n', null ] ]
verbose parsed url { pathname: 'n', path: 'n', href: 'n' }
verbose addNamed [ 'n', '' ]
verbose addNamed [ null, '' ]
silly name, range, hasData [ 'n', '', false ]
verbose raw, before any munging n
verbose url resolving [ 'http://registry.npmjs.org/', './n' ]
verbose url resolved http://registry.npmjs.org/n
http GET http://registry.npmjs.org/n
http 200 http://registry.npmjs.org/n
silly get cb [ 200,
silly get cb   { server: 'CouchDB/1.5.0 (Erlang OTP/R16B03)',
silly get cb     etag: '"BCW2QAHEQFFAYVODGQ5DN6P4Q"',
silly get cb     'content-type': 'application/json',
silly get cb     'cache-control': 'max-age=60',
silly get cb     'content-length': '41902',
silly get cb     'accept-ranges': 'bytes',
silly get cb     date: 'Sun, 12 Jul 2015 21:13:27 GMT',
silly get cb     via: '1.1 varnish',
silly get cb     age: '0',
silly get cb     connection: 'keep-alive',
silly get cb     'x-served-by': 'cache-iad2146-IAD',
silly get cb     'x-cache': 'HIT',
silly get cb     'x-cache-hits': '1',
silly get cb     'x-timer': 'S1436735607.575799,VS0,VE91',
silly get cb     vary: 'Accept' } ]
verbose mkdir (expected) error ENOENT, no such file or directory '/home/saturn/.npm/n'
verbose mkdir done: /home/saturn/.npm/n 755
silly name, range, hasData 2 [ 'n', '', true ]
silly versions [ 'n',
silly versions   [ '0.0.1',
silly versions     '0.0.2',
silly versions     '0.0.3',
silly versions     '0.0.4',
silly versions     '0.1.0',
silly versions     '0.1.1',
silly versions     '0.1.2',
silly versions     '0.2.0',
silly versions     '0.2.1',
silly versions     '0.2.2',
silly versions     '0.3.0',
silly versions     '0.4.0',
silly versions     '0.4.1',
silly versions     '0.4.2',
silly versions     '0.5.0',
silly versions     '0.5.1',
silly versions     '0.5.2',
silly versions     '0.5.3',
silly versions     '0.5.4',
silly versions     '0.6.0',
silly versions     '0.6.1',
silly versions     '0.7.0',
silly versions     '0.7.1',
silly versions     '0.7.2',
silly versions     '0.7.3',
silly versions     '0.8.0',
silly versions     '0.8.1',
silly versions     '0.8.2',
silly versions     '0.9.0',
silly versions     '0.9.1',
silly versions     '0.9.2',
silly versions     '0.9.3',
silly versions     '1.0.0',
silly versions     '1.1.0',
silly versions     '1.2.1',
silly versions     '1.2.2',
silly versions     '1.2.3',
silly versions     '1.2.4',
silly versions     '1.2.5',
silly versions     '1.2.6',
silly versions     '1.2.7',
silly versions     '1.2.8',
silly versions     '1.2.9',
silly versions     '1.2.11',
silly versions     '1.2.13',
silly versions     '1.2.14',
silly versions     '1.3.0' ] ]
verbose bin dist [ '0.6-ares1.7.5-evundefined-openssl1.0.1-v83.7.12.22-linux-x64-3.4.0',
verbose bin dist   { shasum: '95afad80d2c73e89151efc0b4e6a8905cbb8ed2d',
verbose bin dist     tarball: 'http://registry.npmjs.org/n/-/n-1.3.0.tgz' } ]
verbose addRemoteTarball [ 'http://registry.npmjs.org/n/-/n-1.3.0.tgz',
verbose addRemoteTarball   '95afad80d2c73e89151efc0b4e6a8905cbb8ed2d' ]
verbose mkdir (expected) error ENOENT, no such file or directory '/tmp/npm-1436735607369'
verbose mkdir (expected) error ENOENT, no such file or directory '/tmp/npm-1436735607369/1436735607369-0.3869328561704606'
verbose mkdir done: /tmp/npm-1436735607369/1436735607369-0.3869328561704606 755
verbose fetch to /tmp/npm-1436735607369/1436735607369-0.3869328561704606/tmp.tgz
http GET http://registry.npmjs.org/n/-/n-1.3.0.tgz
http 200 http://registry.npmjs.org/n/-/n-1.3.0.tgz
silly updated sha bytes 5402
info shasum 95afad80d2c73e89151efc0b4e6a8905cbb8ed2d
info shasum /tmp/npm-1436735607369/1436735607369-0.3869328561704606/tmp.tgz
verbose mkdir (expected) error ENOENT, no such file or directory '/tmp/npm-1436735607369/1436735607369-0.3869328561704606/___package.npm'
verbose mkdir done: /tmp/npm-1436735607369/1436735607369-0.3869328561704606/___package.npm 755
verbose unpack_ uid, gid [ undefined, undefined ]
verbose unpackTarget /tmp/npm-1436735607369/1436735607369-0.3869328561704606/package
silly gunzTarPerm modes [ '755', '644' ]
silly afterUntar ok
silly asyncMap in gTP /tmp/npm-1436735607369/1436735607369-0.3869328561704606/___package.npm/package
silly asyncMap in gTP /tmp/npm-1436735607369/1436735607369-0.3869328561704606/___package.npm/package/Readme.md
silly asyncMap in gTP /tmp/npm-1436735607369/1436735607369-0.3869328561704606/___package.npm/package/Makefile
silly asyncMap in gTP /tmp/npm-1436735607369/1436735607369-0.3869328561704606/___package.npm/package/package.json
silly asyncMap in gTP /tmp/npm-1436735607369/1436735607369-0.3869328561704606/___package.npm/package/bin
silly asyncMap in gTP /tmp/npm-1436735607369/1436735607369-0.3869328561704606/___package.npm/package/bin/n
silly chmod package 755
silly chmod Readme.md 644
silly chmod Makefile 644
silly chmod package.json 644
silly chmod bin 755
silly chmod n 755
verbose gunzed /tmp/npm-1436735607369/1436735607369-0.3869328561704606/___package.npm/package
verbose rm'ed /tmp/npm-1436735607369/1436735607369-0.3869328561704606/package
verbose renamed [ '/tmp/npm-1436735607369/1436735607369-0.3869328561704606/___package.npm/package',
verbose renamed   '/tmp/npm-1436735607369/1436735607369-0.3869328561704606/package' ]
verbose caching /tmp/npm-1436735607369/1436735607369-0.3869328561704606/package/package.json
verbose loadDefaults n@1.3.0
verbose tarball contents [ 'package', 'tmp.tgz' ]
verbose from cache /tmp/npm-1436735607369/1436735607369-0.3869328561704606/package/package.json
verbose pack /tmp/npm-1436735607369/1436735607369-0.3869328561704606/package
verbose pack /tmp/npm-1436735607369/1436735607369-0.3869328561704606/package /home/saturn/.npm/n/1.3.0/package.tgz
silly makeList /tmp/npm-1436735607369/1436735607369-0.3869328561704606/package
silly dir, dirLen [ '/tmp/npm-1436735607369/1436735607369-0.3869328561704606/package',
silly dir, dirLen   64 ]
verbose tarball /home/saturn/.npm/n/1.3.0/package.tgz
verbose parent /tmp/npm-1436735607369/1436735607369-0.3869328561704606/package
verbose mkdir (expected) error ENOENT, no such file or directory '/home/saturn/.npm/n/1.3.0/___package.npm'
verbose mkdir done: /home/saturn/.npm/n/1.3.0/___package.npm 755
verbose unpack_ uid, gid [ undefined, undefined ]
verbose unpackTarget /home/saturn/.npm/n/1.3.0/package
silly gunzTarPerm modes [ '755', '644' ]
silly afterUntar ok
silly asyncMap in gTP /home/saturn/.npm/n/1.3.0/___package.npm/package
silly asyncMap in gTP /home/saturn/.npm/n/1.3.0/___package.npm/package/package.json
silly asyncMap in gTP /home/saturn/.npm/n/1.3.0/___package.npm/package/Readme.md
silly asyncMap in gTP /home/saturn/.npm/n/1.3.0/___package.npm/package/Makefile
silly asyncMap in gTP /home/saturn/.npm/n/1.3.0/___package.npm/package/bin
silly asyncMap in gTP /home/saturn/.npm/n/1.3.0/___package.npm/package/bin/n
silly chmod package 755
verbose gunzed /home/saturn/.npm/n/1.3.0/___package.npm/package
verbose rm'ed /home/saturn/.npm/n/1.3.0/package
verbose renamed [ '/home/saturn/.npm/n/1.3.0/___package.npm/package',
verbose renamed   '/home/saturn/.npm/n/1.3.0/package' ]
verbose caching /home/saturn/.npm/n/1.3.0/package/package.json
verbose loadDefaults n@1.3.0
silly updated sha bytes 5447
info shasum 76dafd5d54352db7ca14076ae54bb274b22e6966
info shasum /home/saturn/.npm/n/1.3.0/package.tgz
verbose from cache /home/saturn/.npm/n/1.3.0/package/package.json
verbose chmod /home/saturn/.npm/n/1.3.0/package.tgz 644
verbose chown [ '/home/saturn/.npm/n/1.3.0/package.tgz', 1000, 1000 ]
silly resolved [ { name: 'n',
silly resolved     description: 'node version manager',
silly resolved     version: '1.3.0',
silly resolved     author: { name: 'TJ Holowaychuk', email: 'tj@vision-media.ca' },
silly resolved     homepage: 'https://github.com/tj/n',
silly resolved     bugs: { name: 'https://github.com/tj/n/issues' },
silly resolved     contributors: 
silly resolved      [ { name: 'Travis Webb',
silly resolved          email: 'me@traviswebb.com',
silly resolved          url: 'tjw.io' } ],
silly resolved     keywords: 
silly resolved      [ 'nvm',
silly resolved        'node',
silly resolved        'version',
silly resolved        'manager',
silly resolved        'switcher',
silly resolved        'node',
silly resolved        'binary',
silly resolved        'env' ],
silly resolved     bin: { n: './bin/n' },
silly resolved     repository: { type: 'git', url: 'git://github.com/tj/n.git' },
silly resolved     preferGlobal: true,
silly resolved     os: [ '!win32' ],
silly resolved     engines: { node: '*' },
silly resolved     license: 'MIT',
silly resolved     _id: 'n@1.3.0',
silly resolved     dependencies: {},
silly resolved     devDependencies: {},
silly resolved     optionalDependencies: {},
silly resolved     _engineSupported: true,
silly resolved     _npmVersion: '1.1.4',
silly resolved     _nodeVersion: 'v0.6.12',
silly resolved     _defaultsLoaded: true,
silly resolved     dist: { shasum: '76dafd5d54352db7ca14076ae54bb274b22e6966' },
silly resolved     _from: 'n' } ]
info into /usr/local/lib n@1.3.0
info installOne n@1.3.0
verbose from cache /home/saturn/.npm/n/1.3.0/package/package.json
info unbuild /usr/local/lib/node_modules/n
verbose mkdir (expected) error ENOENT, no such file or directory '/usr/local/lib/node_modules/___n.npm'
verbose unpack_ uid, gid [ undefined, undefined ]
verbose unpackTarget /usr/local/lib/node_modules/n
ERR! Could not create /usr/local/lib/node_modules/___n.npm
ERR! error installing n@1.3.0
info unbuild /usr/local/lib/node_modules/n
verbose installOne cb n@1.3.0
ERR! Error: EACCES, permission denied '/usr/local/lib/node_modules/___n.npm'
ERR! 
ERR! Please try running this command again as root/Administrator.
ERR! 
ERR! System Linux 3.4.0
ERR! command "node" "/usr/bin/npm" "install" "-g" "n"
ERR! cwd /home/saturn/Downloads/crystal
ERR! node -v v0.6.12
ERR! npm -v 1.1.4
ERR! path /usr/local/lib/node_modules/___n.npm
ERR! code EACCES
ERR! message EACCES, permission denied '/usr/local/lib/node_modules/___n.npm'
ERR! errno {}
verbose exit [ 1, true ]
